<?xml version="1.0" encoding="UTF-8"?>
<!-- Generated by org.testng.reporters.JUnitXMLReporter -->
<testsuite ignored="1" hostname="DESKTOP-P8IML3A" failures="1" tests="7" name="Test" time="19.512" errors="0" timestamp="2026-01-04T16:54:08 BDT">
  <testcase classname="com.selise.nadim.testscripts.TC001_VerifyLogin" name="verifyLoginFunctionality" time="3.339"/>
  <testcase classname="com.selise.nadim.testscripts.TC001_VerifyLogin" name="verifyAdminModuleTabPresent" time="0.678"/>
  <testcase classname="com.selise.nadim.testscripts.TC001_VerifyLogin" name="verifyPIMModuleTabPresent" time="0.025"/>
  <testcase classname="com.selise.nadim.testscripts.TC001_VerifyLogin" name="verifyTitleIsDashboard" time="0.022"/>
  <testcase classname="com.selise.nadim.testscripts.TC001_VerifyLogin" name="verifyUserProfileName" time="0.03">
    <failure type="java.lang.AssertionError" message="expected [Keyur Bhavsar] but found [manda user]">
      <![CDATA[java.lang.AssertionError: expected [Keyur Bhavsar] but found [manda user]
at com.selise.nadim.testscripts.TC001_VerifyLogin.verifyUserProfileName(TC001_VerifyLogin.java:51)
at java.base/java.util.ArrayList.forEach(ArrayList.java:1596)
... Removed 31 stack frames]]>
    </failure>
  </testcase> <!-- verifyUserProfileName -->
  <testcase classname="com.selise.nadim.testscripts.TC002_VerifyPIMModule" name="clickOnPIMTab" time="2.788"/>
  <testcase classname="com.selise.nadim.testscripts.TC002_VerifyPIMModule" name="verifyNamesNotEmpty" time="1.036"/>
  <testcase classname="com.selise.nadim.base.BaseClass" name="@BeforeTest startUp" time="0.0">
    <ignored/>
  </testcase> <!-- @BeforeTest startUp -->
</testsuite> <!-- Test -->
