<?xml version="1.0" encoding="UTF-8"?>
<!-- Generated by org.testng.reporters.JUnitXMLReporter -->
<testsuite ignored="2" hostname="DESKTOP-P8IML3A" failures="1" tests="7" name="Test" time="15.394" errors="0" timestamp="2026-01-03T18:27:53 BDT">
  <testcase classname="com.selise.nadim.testscripts.TC001_VerifyLogin" name="verifyLoginFunctionality" time="3.344"/>
  <testcase classname="com.selise.nadim.testscripts.TC001_VerifyLogin" name="verifyAdminModuleTabPresent" time="0.809"/>
  <testcase classname="com.selise.nadim.testscripts.TC001_VerifyLogin" name="verifyPIMModuleTabPresent" time="0.025"/>
  <testcase classname="com.selise.nadim.testscripts.TC001_VerifyLogin" name="verifyTitleIsDashboard" time="0.027"/>
  <testcase classname="com.selise.nadim.testscripts.TC001_VerifyLogin" name="verifyUserProfileName" time="0.032">
    <failure type="java.lang.AssertionError" message="expected [Keyur Bhavsar] but found [manda user]">
      <![CDATA[java.lang.AssertionError: expected [Keyur Bhavsar] but found [manda user]
at com.selise.nadim.testscripts.TC001_VerifyLogin.verifyUserProfileName(TC001_VerifyLogin.java:51)
at java.base/java.util.ArrayList.forEach(ArrayList.java:1596)
... Removed 31 stack frames]]>
    </failure>
  </testcase> <!-- verifyUserProfileName -->
  <testcase classname="com.selise.nadim.testscripts.TC002_VerifyPIMModule" name="clickOnPIMTab" time="2.645"/>
  <testcase classname="com.selise.nadim.testscripts.TC002_VerifyPIMModule" name="verifyNamesNotEmpty" time="1.094"/>
  <testcase classname="com.selise.nadim.base.BaseClass" name="@AfterTest tearUp" time="0.0">
    <ignored/>
  </testcase> <!-- @AfterTest tearUp -->
  <testcase classname="com.selise.nadim.base.BaseClass" name="@BeforeTest startUp" time="0.0">
    <ignored/>
  </testcase> <!-- @BeforeTest startUp -->
</testsuite> <!-- Test -->
