<?xml version="1.0" encoding="UTF-8"?>
<!-- Generated by org.testng.reporters.JUnitXMLReporter -->
<testsuite ignored="0" hostname="DESKTOP-P8IML3A" failures="0" tests="4" name="Default test" time="89.911" errors="0" timestamp="2026-01-02T19:47:01 BDT">
  <testcase classname="com.selise.nadim.testscripts.TC001_VerifyLogin" name="verifyLoginFunctionality" time="8.358"/>
  <testcase classname="com.selise.nadim.testscripts.TC001_VerifyLogin" name="verifyAdminModuleTabPresent" time="1.772"/>
  <testcase classname="com.selise.nadim.testscripts.TC001_VerifyLogin" name="verifyPIMModuleTabPresent" time="0.024"/>
  <testcase classname="com.selise.nadim.testscripts.TC001_VerifyLogin" name="verifyTitleIsDashboard" time="0.028"/>
</testsuite> <!-- Default test -->
