<?xml version="1.0" encoding="UTF-8"?>
<!-- Generated by org.testng.reporters.JUnitReportReporter -->
<testsuite hostname="DESKTOP-P8IML3A" failures="1" tests="5" name="com.selise.nadim.testscripts.TC001_VerifyLogin" time="29.027" errors="0" timestamp="2026-01-03T12:15:07 BDT" skipped="0">
  <testcase classname="com.selise.nadim.testscripts.TC001_VerifyLogin" name="verifyAdminModuleTabPresent" time="4.111"/>
  <testcase classname="com.selise.nadim.testscripts.TC001_VerifyLogin" name="verifyLoginFunctionality" time="24.750"/>
  <testcase classname="com.selise.nadim.testscripts.TC001_VerifyLogin" name="verifyPIMModuleTabPresent" time="0.045"/>
  <testcase classname="com.selise.nadim.testscripts.TC001_VerifyLogin" name="verifyTitleIsDashboard" time="0.050"/>
  <testcase classname="com.selise.nadim.testscripts.TC001_VerifyLogin" name="verifyUserProfileName" time="0.071">
    <failure message="expected [Keyur Bhavsar] but found [manda user]" type="java.lang.AssertionError">
      <![CDATA[java.lang.AssertionError: expected [Keyur Bhavsar] but found [manda user]
at org.testng.Assert.fail(Assert.java:111)
at org.testng.Assert.failNotEquals(Assert.java:1590)
at org.testng.Assert.assertEqualsImpl(Assert.java:150)
at org.testng.Assert.assertEquals(Assert.java:132)
at org.testng.Assert.assertEquals(Assert.java:656)
at org.testng.Assert.assertEquals(Assert.java:666)
at com.selise.nadim.testscripts.TC001_VerifyLogin.verifyUserProfileName(TC001_VerifyLogin.java:51)
at java.base/jdk.internal.reflect.DirectMethodHandleAccessor.invoke(DirectMethodHandleAccessor.java:103)
at java.base/java.lang.reflect.Method.invoke(Method.java:580)
at org.testng.internal.invokers.MethodInvocationHelper.invokeMethod(MethodInvocationHelper.java:141)
at org.testng.internal.invokers.TestInvoker.invokeMethod(TestInvoker.java:687)
at org.testng.internal.invokers.TestInvoker.invokeTestMethod(TestInvoker.java:230)
at org.testng.internal.invokers.MethodRunner.runInSequence(MethodRunner.java:63)
at org.testng.internal.invokers.TestInvoker$MethodInvocationAgent.invoke(TestInvoker.java:995)
at org.testng.internal.invokers.TestInvoker.invokeTestMethods(TestInvoker.java:203)
at org.testng.internal.invokers.TestMethodWorker.invokeTestMethods(TestMethodWorker.java:154)
at org.testng.internal.invokers.TestMethodWorker.run(TestMethodWorker.java:134)
at java.base/java.util.ArrayList.forEach(ArrayList.java:1596)
at org.testng.TestRunner.privateRun(TestRunner.java:741)
at org.testng.TestRunner.run(TestRunner.java:616)
at org.testng.SuiteRunner.runTest(SuiteRunner.java:421)
at org.testng.SuiteRunner.runSequentially(SuiteRunner.java:413)
at org.testng.SuiteRunner.privateRun(SuiteRunner.java:373)
at org.testng.SuiteRunner.run(SuiteRunner.java:312)
at org.testng.SuiteRunnerWorker.runSuite(SuiteRunnerWorker.java:52)
at org.testng.SuiteRunnerWorker.run(SuiteRunnerWorker.java:95)
at org.testng.TestNG.runSuitesSequentially(TestNG.java:1274)
at org.testng.TestNG.runSuitesLocally(TestNG.java:1208)
at org.testng.TestNG.runSuites(TestNG.java:1112)
at org.testng.TestNG.run(TestNG.java:1079)
at org.testng.remote.AbstractRemoteTestNG.run(AbstractRemoteTestNG.java:115)
at org.testng.remote.RemoteTestNG.initAndRun(RemoteTestNG.java:293)
at org.testng.remote.RemoteTestNG.main(RemoteTestNG.java:91)
]]>
    </failure>
  </testcase> <!-- verifyUserProfileName -->
</testsuite> <!-- com.selise.nadim.testscripts.TC001_VerifyLogin -->
