<?xml version="1.0" encoding="UTF-8"?>
<!-- Generated by org.testng.reporters.JUnitReportReporter -->
<testsuite hostname="DESKTOP-P8IML3A" failures="0" tests="2" name="com.selise.nadim.testscripts.TC002_VerifyPIMModule" time="3.824" errors="0" timestamp="2026-01-04T16:54:09 BDT" skipped="0">
  <testcase classname="com.selise.nadim.testscripts.TC002_VerifyPIMModule" name="verifyNamesNotEmpty" time="1.036"/>
  <testcase classname="com.selise.nadim.testscripts.TC002_VerifyPIMModule" name="clickOnPIMTab" time="2.788"/>
</testsuite> <!-- com.selise.nadim.testscripts.TC002_VerifyPIMModule -->
